<?xml version="1.0" encoding="UTF-8"?>
<testng-results skipped="0" failed="0" ignored="0" total="1" passed="1">
  <reporter-output>
  </reporter-output>
  <suite name="OpenCart Test Suite" duration-ms="66242" started-at="2022-05-14T02:47:47 PDT" finished-at="2022-05-14T02:48:53 PDT">
    <groups>
    </groups>
    <test name="OpenCart Tests" duration-ms="66242" started-at="2022-05-14T02:47:47 PDT" finished-at="2022-05-14T02:48:53 PDT">
      <class name="testCases.TC_015_AddressBook">
        <test-method status="PASS" signature="setup(java.lang.String)[pri:0, instance:testCases.TC_015_AddressBook@103f852]" name="setup" is-config="true" duration-ms="28775" started-at="2022-05-14T02:47:47 PDT" finished-at="2022-05-14T02:48:16 PDT">
          <params>
            <param index="0">
              <value>
                <![CDATA[chrome]]>
              </value>
            </param>
          </params>
          <reporter-output>
          </reporter-output>
        </test-method> <!-- setup -->
        <test-method status="PASS" signature="test_AddressBook()[pri:0, instance:testCases.TC_015_AddressBook@103f852]" name="test_AddressBook" duration-ms="36611" started-at="2022-05-14T02:48:16 PDT" finished-at="2022-05-14T02:48:52 PDT">
          <reporter-output>
          </reporter-output>
        </test-method> <!-- test_AddressBook -->
        <test-method status="PASS" signature="tearDown()[pri:0, instance:testCases.TC_015_AddressBook@103f852]" name="tearDown" is-config="true" duration-ms="731" started-at="2022-05-14T02:48:52 PDT" finished-at="2022-05-14T02:48:53 PDT">
          <reporter-output>
          </reporter-output>
        </test-method> <!-- tearDown -->
      </class> <!-- testCases.TC_015_AddressBook -->
    </test> <!-- OpenCart Tests -->
  </suite> <!-- OpenCart Test Suite -->
</testng-results>
